2026-06-25 19:23:59.947 | ERROR    | N/A | 多智能体处理失败: Timeout connecting to server
Traceback (most recent call last):

  File "D:\毕业设计\Travel_python\.venv\Lib\site-packages\redis\connection.py", line 1351, in can_read
    return self._parser.can_read(timeout)
  File "D:\毕业设计\Travel_python\.venv\Lib\site-packages\redis\_parsers\base.py", line 160, in can_read
    return self._buffer.can_read(timeout)
  File "D:\毕业设计\Travel_python\.venv\Lib\site-packages\redis\_parsers\socket.py", line 97, in can_read
    return bool(self.unread_bytes()) or self._read_from_socket(
  File "D:\毕业设计\Travel_python\.venv\Lib\site-packages\redis\_parsers\socket.py", line 64, in _read_from_socket
    data = sock.recv(socket_read_size)

ConnectionResetError: [WinError 10054] 远程主机强迫关闭了一个现有的连接。


During handling of the above exception, another exception occurred:


Traceback (most recent call last):

  File "D:\毕业设计\Travel_python\.venv\Lib\site-packages\redis\connection.py", line 3146, in get_connection
    connection.can_read()
  File "D:\毕业设计\Travel_python\.venv\Lib\site-packages\redis\connection.py", line 1355, in can_read
    raise ConnectionError(f"Error while reading from {host_error}: {e.args}")

redis.exceptions.ConnectionError: Error while reading from 192.168.71.140:6379: (10054, '远程主机强迫关闭了一个现有的连接。', None, 10054, None)


During handling of the above exception, another exception occurred:


Traceback (most recent call last):

  File "D:\毕业设计\Travel_python\.venv\Lib\site-packages\redis\connection.py", line 1033, in connect_check_health
    sock = self._connect()
  File "D:\毕业设计\Travel_python\.venv\Lib\site-packages\redis\connection.py", line 1581, in _connect
    raise err
  File "D:\毕业设计\Travel_python\.venv\Lib\site-packages\redis\connection.py", line 1565, in _connect
    sock.connect(socket_address)

TimeoutError: timed out


During handling of the above exception, another exception occurred:


Traceback (most recent call last):

  File "D:\毕业设计\Travel_python\travel_ai_python\testContent.py", line 32, in <module>
    main1()

  File "D:\毕业设计\Travel_python\travel_ai_python\testContent.py", line 28, in main1
    task, final_plan, parsed_plan =asyncio.run(process_with_agent(message, "10001"))

  File "D:\Python\Lib\asyncio\runners.py", line 204, in run
    return runner.run(main)
  File "D:\Python\Lib\asyncio\runners.py", line 127, in run
    return self._loop.run_until_complete(task)
  File "D:\Python\Lib\asyncio\base_events.py", line 706, in run_until_complete
    self.run_forever()
  File "D:\Python\Lib\asyncio\base_events.py", line 677, in run_forever
    self._run_once()
  File "D:\Python\Lib\asyncio\base_events.py", line 2046, in _run_once
    handle._run()
  File "D:\Python\Lib\asyncio\events.py", line 94, in _run
    self._context.run(self._callback, *self._args)

> File "D:\毕业设计\Travel_python\travel_ai_python\app\service\multi_agent_travel.py", line 136, in process_with_agent
    save_session_context(chat_message.session_id, session_messages)

  File "D:\毕业设计\Travel_python\travel_ai_python\app\utils\redis_client.py", line 18, in save_session_context
    redis_client.set(key, json.dumps(messages), ex=settings.REDIS_SESSION_TTL)

  File "D:\毕业设计\Travel_python\.venv\Lib\site-packages\redis\utils.py", line 523, in wrapper
    return func(*args, **kwargs)
  File "D:\毕业设计\Travel_python\.venv\Lib\site-packages\redis\commands\core.py", line 4315, in set
    return self.execute_command("SET", *pieces, **options)
  File "D:\毕业设计\Travel_python\.venv\Lib\site-packages\redis\client.py", line 787, in execute_command
    return self._execute_command(*args, **options)
  File "D:\毕业设计\Travel_python\.venv\Lib\site-packages\redis\client.py", line 793, in _execute_command
    conn = self.connection or pool.get_connection()
  File "D:\毕业设计\Travel_python\.venv\Lib\site-packages\redis\utils.py", line 258, in wrapper
    return func(*args, **kwargs)
  File "D:\毕业设计\Travel_python\.venv\Lib\site-packages\redis\connection.py", line 3153, in get_connection
    connection.connect()
  File "D:\毕业设计\Travel_python\.venv\Lib\site-packages\redis\connection.py", line 1006, in connect
    self.retry.call_with_retry(
  File "D:\毕业设计\Travel_python\.venv\Lib\site-packages\redis\retry.py", line 132, in call_with_retry
    raise error
  File "D:\毕业设计\Travel_python\.venv\Lib\site-packages\redis\retry.py", line 120, in call_with_retry
    return do()
  File "D:\毕业设计\Travel_python\.venv\Lib\site-packages\redis\connection.py", line 1007, in <lambda>
    lambda: self.connect_check_health(
  File "D:\毕业设计\Travel_python\.venv\Lib\site-packages\redis\connection.py", line 1044, in connect_check_health
    raise e

redis.exceptions.TimeoutError: Timeout connecting to server
