2026-05-04 21:38:09.820 | INFO     | N/A | ResultProducer 启动成功
2026-05-04 21:38:36.001 | INFO     | N/A | ResultProducer 启动成功
2026-05-04 21:49:21.996 | INFO     | N/A | 收到停止信号，正在关闭...
2026-05-04 21:49:21.999 | INFO     | N/A | ResultProducer 已关闭
2026-05-04 21:49:21.999 | INFO     | N/A | TaskConsumer 已关闭
2026-05-04 21:49:25.668 | INFO     | N/A | ResultProducer 启动成功
2026-05-04 21:49:45.336 | INFO     | N/A | 收到停止信号，正在关闭...
2026-05-04 21:49:45.340 | INFO     | N/A | ResultProducer 已关闭
2026-05-04 21:49:45.341 | INFO     | N/A | TaskConsumer 已关闭
2026-05-04 21:49:50.641 | INFO     | N/A | ResultProducer 启动成功
2026-05-04 21:52:01.706 | INFO     | N/A | ResultProducer 启动成功
2026-05-04 21:54:02.601 | INFO     | N/A | ResultProducer 启动成功
2026-05-04 22:21:40.664 | INFO     | N/A | ResultProducer 启动成功
2026-05-04 22:21:48.180 | INFO     | N/A | 收到停止信号，正在关闭...
2026-05-04 22:21:48.182 | INFO     | N/A | ResultProducer 已关闭
2026-05-04 22:21:48.183 | INFO     | N/A | TaskConsumer 已关闭
2026-05-04 22:21:51.820 | INFO     | N/A | ResultProducer 启动成功
2026-05-04 22:37:06.143 | INFO     | N/A | ResultProducer 启动成功
2026-05-04 22:37:06.160 | INFO     | N/A | TaskConsumer 启动成功，监听 travel-task-submit:task-submit
2026-05-04 22:37:06.161 | INFO     | N/A | Python 消费者已启动，等待消息...
2026-05-04 22:53:49.230 | INFO     | N/A | 收到停止信号，正在关闭...
2026-05-04 22:53:49.235 | INFO     | N/A | ResultProducer 已关闭
2026-05-04 22:53:49.236 | INFO     | N/A | TaskConsumer 已关闭
