2026-05-06 10:39:30.538 | INFO     | N/A | ResultProducer 启动成功
2026-05-06 10:39:30.557 | INFO     | N/A | TaskConsumer 启动成功，监听 travel-task-submit:task-submit
2026-05-06 10:39:30.557 | INFO     | N/A | Python 消费者已启动，等待消息...
2026-05-06 12:35:43.821 | INFO     | N/A | 收到停止信号，正在关闭...
2026-05-06 12:35:43.823 | INFO     | N/A | ResultProducer 已关闭
2026-05-06 12:35:43.823 | INFO     | N/A | TaskConsumer 已关闭
2026-05-06 12:35:44.470 | INFO     | N/A | ResultProducer 启动成功
2026-05-06 12:35:44.505 | INFO     | N/A | TaskConsumer 启动成功，监听 travel-task-submit:task-submit
2026-05-06 12:35:44.506 | INFO     | N/A | Python 消费者已启动，等待消息...
2026-05-06 12:45:14.307 | INFO     | N/A | 收到停止信号，正在关闭...
2026-05-06 12:45:14.310 | INFO     | N/A | ResultProducer 已关闭
2026-05-06 12:45:14.310 | INFO     | N/A | TaskConsumer 已关闭
2026-05-06 12:45:14.946 | INFO     | N/A | ResultProducer 启动成功
2026-05-06 12:45:14.956 | INFO     | N/A | TaskConsumer 启动成功，监听 travel-task-submit:task-submit
2026-05-06 12:45:14.956 | INFO     | N/A | Python 消费者已启动，等待消息...
2026-05-06 12:56:17.351 | INFO     | N/A | 收到停止信号，正在关闭...
2026-05-06 12:56:17.354 | INFO     | N/A | ResultProducer 已关闭
2026-05-06 12:56:17.354 | INFO     | N/A | TaskConsumer 已关闭
2026-05-06 12:56:17.987 | INFO     | N/A | ResultProducer 启动成功
2026-05-06 13:01:15.985 | INFO     | N/A | ResultProducer 启动成功
2026-05-06 13:02:23.924 | INFO     | N/A | ResultProducer 启动成功
2026-05-06 13:06:54.182 | INFO     | N/A | ResultProducer 启动成功
2026-05-06 13:11:01.562 | INFO     | N/A | ResultProducer 启动成功
2026-05-06 13:11:54.547 | INFO     | N/A | ResultProducer 启动成功
2026-05-06 13:12:37.832 | INFO     | N/A | ResultProducer 启动成功
2026-05-06 13:14:05.388 | INFO     | N/A | ResultProducer 启动成功
2026-05-06 13:16:05.922 | INFO     | N/A | ResultProducer 启动成功
2026-05-06 13:33:57.394 | INFO     | N/A | ResultProducer 启动成功
2026-05-06 13:36:50.022 | INFO     | N/A | ResultProducer 启动成功
2026-05-06 13:38:27.881 | INFO     | N/A | ResultProducer 启动成功
2026-05-06 13:40:38.055 | INFO     | N/A | ResultProducer 启动成功
2026-05-06 13:40:45.725 | INFO     | N/A | ResultProducer 启动成功
2026-05-06 13:41:18.771 | INFO     | N/A | ResultProducer 启动成功
2026-05-06 15:16:50.796 | INFO     | N/A | ResultProducer 启动成功
2026-05-06 15:17:22.327 | INFO     | N/A | ResultProducer 启动成功
2026-05-06 15:44:00.657 | INFO     | N/A | ResultProducer 启动成功
2026-05-06 16:21:24.380 | INFO     | N/A | ResultProducer 启动成功
2026-05-06 16:22:21.950 | INFO     | N/A | ResultProducer 启动成功
2026-05-06 16:22:49.173 | INFO     | N/A | ResultProducer 启动成功
2026-05-06 16:24:33.215 | INFO     | N/A | ResultProducer 启动成功
2026-05-06 16:27:39.562 | INFO     | N/A | ResultProducer 启动成功
2026-05-06 16:29:06.532 | INFO     | N/A | ResultProducer 启动成功
2026-05-06 16:29:07.274 | INFO     | N/A | TaskConsumer 启动成功，连接至 Proxy 地址: 192.168.71.140:8081
2026-05-06 16:29:07.274 | INFO     | N/A | Python 消费者已启动，等待消息...
2026-05-06 16:29:08.480 | INFO     | 2051886031249281024 | 收到任务，taskId=5, query=去北京旅游
2026-05-06 16:29:08.480 | INFO     | 2051884030163619840 | 收到任务，taskId=4, query=去北京旅游
2026-05-06 16:29:08.481 | INFO     | 2051884030163619840 | 开始处理任务 taskId=4
2026-05-06 16:29:08.480 | INFO     | 2051886031249281024 | 开始处理任务 taskId=5
2026-05-06 16:29:10.836 | ERROR    | N/A | AI模型调用失败: 404 Client Error: Not Found for url: https://dashscope.aliyuncs.com/compatible-mode/v1
2026-05-06 16:29:10.836 | ERROR    | N/A | AI模型调用失败: 404 Client Error: Not Found for url: https://dashscope.aliyuncs.com/compatible-mode/v1
2026-05-06 16:29:10.837 | ERROR    | 2051884030163619840 | 处理失败 taskId=4, error=AI模型错误: 404 Client Error: Not Found for url: https://dashscope.aliyuncs.com/compatible-mode/v1
2026-05-06 16:29:10.837 | ERROR    | 2051886031249281024 | 处理失败 taskId=5, error=AI模型错误: 404 Client Error: Not Found for url: https://dashscope.aliyuncs.com/compatible-mode/v1
2026-05-06 16:29:10.840 | ERROR    | N/A | 消息处理异常，将稍后重试: Message.__init__() takes 1 positional argument but 2 were given
Traceback (most recent call last):

  File "D:\python\Lib\threading.py", line 1044, in _bootstrap
    self._bootstrap_inner()
  File "D:\python\Lib\threading.py", line 1082, in _bootstrap_inner
    self._context.run(self.run)
  File "D:\python\Lib\threading.py", line 1024, in run
    self._target(*self._args, **self._kwargs)
  File "D:\python\Lib\concurrent\futures\thread.py", line 119, in _worker
    work_item.run(ctx)
  File "D:\python\Lib\concurrent\futures\thread.py", line 86, in run
    result = ctx.run(self.task)
  File "D:\python\Lib\concurrent\futures\thread.py", line 73, in run
    return fn(*args, **kwargs)
  File "D:\python\Lib\site-packages\rocketmq\v5\consumer\push\consumption.py", line 46, in __consume
    consume_result = self.__message_listener.consume(message)

> File "D:\毕业设计\Travel_python\travel_ai_python\app\mq\consumer.py", line 56, in consume
    self.result_producer.send_result(

  File "D:\毕业设计\Travel_python\travel_ai_python\app\mq\producer.py", line 64, in send_result
    msg = Message(settings.RESULT_TOPIC)

TypeError: Message.__init__() takes 1 positional argument but 2 were given
2026-05-06 16:29:10.839 | ERROR    | N/A | 消息处理异常，将稍后重试: Message.__init__() takes 1 positional argument but 2 were given
Traceback (most recent call last):

  File "D:\python\Lib\threading.py", line 1044, in _bootstrap
    self._bootstrap_inner()
  File "D:\python\Lib\threading.py", line 1082, in _bootstrap_inner
    self._context.run(self.run)
  File "D:\python\Lib\threading.py", line 1024, in run
    self._target(*self._args, **self._kwargs)
  File "D:\python\Lib\concurrent\futures\thread.py", line 119, in _worker
    work_item.run(ctx)
  File "D:\python\Lib\concurrent\futures\thread.py", line 86, in run
    result = ctx.run(self.task)
  File "D:\python\Lib\concurrent\futures\thread.py", line 73, in run
    return fn(*args, **kwargs)
  File "D:\python\Lib\site-packages\rocketmq\v5\consumer\push\consumption.py", line 46, in __consume
    consume_result = self.__message_listener.consume(message)

> File "D:\毕业设计\Travel_python\travel_ai_python\app\mq\consumer.py", line 56, in consume
    self.result_producer.send_result(

  File "D:\毕业设计\Travel_python\travel_ai_python\app\mq\producer.py", line 64, in send_result
    msg = Message(settings.RESULT_TOPIC)

TypeError: Message.__init__() takes 1 positional argument but 2 were given
2026-05-06 16:29:28.470 | INFO     | 2051886031249281024 | 收到任务，taskId=5, query=去北京旅游
2026-05-06 16:29:28.470 | INFO     | 2051886031249281024 | 开始处理任务 taskId=5
2026-05-06 16:29:28.470 | INFO     | 2051884030163619840 | 收到任务，taskId=4, query=去北京旅游
2026-05-06 16:29:28.471 | INFO     | 2051884030163619840 | 开始处理任务 taskId=4
2026-05-06 16:29:30.770 | ERROR    | N/A | AI模型调用失败: 404 Client Error: Not Found for url: https://dashscope.aliyuncs.com/compatible-mode/v1
2026-05-06 16:29:30.771 | ERROR    | N/A | AI模型调用失败: 404 Client Error: Not Found for url: https://dashscope.aliyuncs.com/compatible-mode/v1
2026-05-06 16:29:30.772 | ERROR    | 2051884030163619840 | 处理失败 taskId=4, error=AI模型错误: 404 Client Error: Not Found for url: https://dashscope.aliyuncs.com/compatible-mode/v1
2026-05-06 16:29:30.772 | ERROR    | 2051886031249281024 | 处理失败 taskId=5, error=AI模型错误: 404 Client Error: Not Found for url: https://dashscope.aliyuncs.com/compatible-mode/v1
2026-05-06 16:29:30.774 | ERROR    | N/A | 消息处理异常，将稍后重试: Message.__init__() takes 1 positional argument but 2 were given
Traceback (most recent call last):

  File "D:\python\Lib\threading.py", line 1044, in _bootstrap
    self._bootstrap_inner()
  File "D:\python\Lib\threading.py", line 1082, in _bootstrap_inner
    self._context.run(self.run)
  File "D:\python\Lib\threading.py", line 1024, in run
    self._target(*self._args, **self._kwargs)
  File "D:\python\Lib\concurrent\futures\thread.py", line 119, in _worker
    work_item.run(ctx)
  File "D:\python\Lib\concurrent\futures\thread.py", line 86, in run
    result = ctx.run(self.task)
  File "D:\python\Lib\concurrent\futures\thread.py", line 73, in run
    return fn(*args, **kwargs)
  File "D:\python\Lib\site-packages\rocketmq\v5\consumer\push\consumption.py", line 46, in __consume
    consume_result = self.__message_listener.consume(message)

> File "D:\毕业设计\Travel_python\travel_ai_python\app\mq\consumer.py", line 56, in consume
    self.result_producer.send_result(

  File "D:\毕业设计\Travel_python\travel_ai_python\app\mq\producer.py", line 64, in send_result
    msg = Message(settings.RESULT_TOPIC)

TypeError: Message.__init__() takes 1 positional argument but 2 were given
2026-05-06 16:29:30.776 | ERROR    | N/A | 消息处理异常，将稍后重试: Message.__init__() takes 1 positional argument but 2 were given
Traceback (most recent call last):

  File "D:\python\Lib\threading.py", line 1044, in _bootstrap
    self._bootstrap_inner()
  File "D:\python\Lib\threading.py", line 1082, in _bootstrap_inner
    self._context.run(self.run)
  File "D:\python\Lib\threading.py", line 1024, in run
    self._target(*self._args, **self._kwargs)
  File "D:\python\Lib\concurrent\futures\thread.py", line 119, in _worker
    work_item.run(ctx)
  File "D:\python\Lib\concurrent\futures\thread.py", line 86, in run
    result = ctx.run(self.task)
  File "D:\python\Lib\concurrent\futures\thread.py", line 73, in run
    return fn(*args, **kwargs)
  File "D:\python\Lib\site-packages\rocketmq\v5\consumer\push\consumption.py", line 46, in __consume
    consume_result = self.__message_listener.consume(message)

> File "D:\毕业设计\Travel_python\travel_ai_python\app\mq\consumer.py", line 56, in consume
    self.result_producer.send_result(

  File "D:\毕业设计\Travel_python\travel_ai_python\app\mq\producer.py", line 64, in send_result
    msg = Message(settings.RESULT_TOPIC)

TypeError: Message.__init__() takes 1 positional argument but 2 were given
2026-05-06 16:29:48.447 | INFO     | 2051884030163619840 | 收到任务，taskId=4, query=去北京旅游
2026-05-06 16:29:48.448 | INFO     | 2051884030163619840 | 开始处理任务 taskId=4
2026-05-06 16:29:48.448 | INFO     | 2051886031249281024 | 收到任务，taskId=5, query=去北京旅游
2026-05-06 16:29:48.450 | INFO     | 2051886031249281024 | 开始处理任务 taskId=5
2026-05-06 16:29:50.823 | ERROR    | N/A | AI模型调用失败: 404 Client Error: Not Found for url: https://dashscope.aliyuncs.com/compatible-mode/v1
2026-05-06 16:29:50.825 | ERROR    | 2051886031249281024 | 处理失败 taskId=5, error=AI模型错误: 404 Client Error: Not Found for url: https://dashscope.aliyuncs.com/compatible-mode/v1
2026-05-06 16:29:50.827 | ERROR    | N/A | 消息处理异常，将稍后重试: Message.__init__() takes 1 positional argument but 2 were given
Traceback (most recent call last):

  File "D:\python\Lib\threading.py", line 1044, in _bootstrap
    self._bootstrap_inner()
  File "D:\python\Lib\threading.py", line 1082, in _bootstrap_inner
    self._context.run(self.run)
  File "D:\python\Lib\threading.py", line 1024, in run
    self._target(*self._args, **self._kwargs)
  File "D:\python\Lib\concurrent\futures\thread.py", line 119, in _worker
    work_item.run(ctx)
  File "D:\python\Lib\concurrent\futures\thread.py", line 86, in run
    result = ctx.run(self.task)
  File "D:\python\Lib\concurrent\futures\thread.py", line 73, in run
    return fn(*args, **kwargs)
  File "D:\python\Lib\site-packages\rocketmq\v5\consumer\push\consumption.py", line 46, in __consume
    consume_result = self.__message_listener.consume(message)

> File "D:\毕业设计\Travel_python\travel_ai_python\app\mq\consumer.py", line 56, in consume
    self.result_producer.send_result(

  File "D:\毕业设计\Travel_python\travel_ai_python\app\mq\producer.py", line 64, in send_result
    msg = Message(settings.RESULT_TOPIC)

TypeError: Message.__init__() takes 1 positional argument but 2 were given
2026-05-06 16:29:50.832 | ERROR    | N/A | AI模型调用失败: 404 Client Error: Not Found for url: https://dashscope.aliyuncs.com/compatible-mode/v1
2026-05-06 16:29:50.835 | ERROR    | 2051884030163619840 | 处理失败 taskId=4, error=AI模型错误: 404 Client Error: Not Found for url: https://dashscope.aliyuncs.com/compatible-mode/v1
2026-05-06 16:29:50.837 | ERROR    | N/A | 消息处理异常，将稍后重试: Message.__init__() takes 1 positional argument but 2 were given
Traceback (most recent call last):

  File "D:\python\Lib\threading.py", line 1044, in _bootstrap
    self._bootstrap_inner()
  File "D:\python\Lib\threading.py", line 1082, in _bootstrap_inner
    self._context.run(self.run)
  File "D:\python\Lib\threading.py", line 1024, in run
    self._target(*self._args, **self._kwargs)
  File "D:\python\Lib\concurrent\futures\thread.py", line 119, in _worker
    work_item.run(ctx)
  File "D:\python\Lib\concurrent\futures\thread.py", line 86, in run
    result = ctx.run(self.task)
  File "D:\python\Lib\concurrent\futures\thread.py", line 73, in run
    return fn(*args, **kwargs)
  File "D:\python\Lib\site-packages\rocketmq\v5\consumer\push\consumption.py", line 46, in __consume
    consume_result = self.__message_listener.consume(message)

> File "D:\毕业设计\Travel_python\travel_ai_python\app\mq\consumer.py", line 56, in consume
    self.result_producer.send_result(

  File "D:\毕业设计\Travel_python\travel_ai_python\app\mq\producer.py", line 64, in send_result
    msg = Message(settings.RESULT_TOPIC)

TypeError: Message.__init__() takes 1 positional argument but 2 were given
2026-05-06 16:30:08.421 | INFO     | 2051886031249281024 | 收到任务，taskId=5, query=去北京旅游
2026-05-06 16:30:08.422 | INFO     | 2051886031249281024 | 开始处理任务 taskId=5
2026-05-06 16:30:08.421 | INFO     | 2051884030163619840 | 收到任务，taskId=4, query=去北京旅游
2026-05-06 16:30:08.423 | INFO     | 2051884030163619840 | 开始处理任务 taskId=4
2026-05-06 16:30:10.819 | ERROR    | N/A | AI模型调用失败: 404 Client Error: Not Found for url: https://dashscope.aliyuncs.com/compatible-mode/v1
2026-05-06 16:30:10.819 | ERROR    | 2051886031249281024 | 处理失败 taskId=5, error=AI模型错误: 404 Client Error: Not Found for url: https://dashscope.aliyuncs.com/compatible-mode/v1
2026-05-06 16:30:10.820 | ERROR    | N/A | 消息处理异常，将稍后重试: Message.__init__() takes 1 positional argument but 2 were given
Traceback (most recent call last):

  File "D:\python\Lib\threading.py", line 1044, in _bootstrap
    self._bootstrap_inner()
  File "D:\python\Lib\threading.py", line 1082, in _bootstrap_inner
    self._context.run(self.run)
  File "D:\python\Lib\threading.py", line 1024, in run
    self._target(*self._args, **self._kwargs)
  File "D:\python\Lib\concurrent\futures\thread.py", line 119, in _worker
    work_item.run(ctx)
  File "D:\python\Lib\concurrent\futures\thread.py", line 86, in run
    result = ctx.run(self.task)
  File "D:\python\Lib\concurrent\futures\thread.py", line 73, in run
    return fn(*args, **kwargs)
  File "D:\python\Lib\site-packages\rocketmq\v5\consumer\push\consumption.py", line 46, in __consume
    consume_result = self.__message_listener.consume(message)

> File "D:\毕业设计\Travel_python\travel_ai_python\app\mq\consumer.py", line 56, in consume
    self.result_producer.send_result(

  File "D:\毕业设计\Travel_python\travel_ai_python\app\mq\producer.py", line 64, in send_result
    msg = Message(settings.RESULT_TOPIC)

TypeError: Message.__init__() takes 1 positional argument but 2 were given
2026-05-06 16:30:10.828 | ERROR    | N/A | AI模型调用失败: 404 Client Error: Not Found for url: https://dashscope.aliyuncs.com/compatible-mode/v1
2026-05-06 16:30:10.828 | ERROR    | 2051884030163619840 | 处理失败 taskId=4, error=AI模型错误: 404 Client Error: Not Found for url: https://dashscope.aliyuncs.com/compatible-mode/v1
2026-05-06 16:30:10.830 | ERROR    | N/A | 消息处理异常，将稍后重试: Message.__init__() takes 1 positional argument but 2 were given
Traceback (most recent call last):

  File "D:\python\Lib\threading.py", line 1044, in _bootstrap
    self._bootstrap_inner()
  File "D:\python\Lib\threading.py", line 1082, in _bootstrap_inner
    self._context.run(self.run)
  File "D:\python\Lib\threading.py", line 1024, in run
    self._target(*self._args, **self._kwargs)
  File "D:\python\Lib\concurrent\futures\thread.py", line 119, in _worker
    work_item.run(ctx)
  File "D:\python\Lib\concurrent\futures\thread.py", line 86, in run
    result = ctx.run(self.task)
  File "D:\python\Lib\concurrent\futures\thread.py", line 73, in run
    return fn(*args, **kwargs)
  File "D:\python\Lib\site-packages\rocketmq\v5\consumer\push\consumption.py", line 46, in __consume
    consume_result = self.__message_listener.consume(message)

> File "D:\毕业设计\Travel_python\travel_ai_python\app\mq\consumer.py", line 56, in consume
    self.result_producer.send_result(

  File "D:\毕业设计\Travel_python\travel_ai_python\app\mq\producer.py", line 64, in send_result
    msg = Message(settings.RESULT_TOPIC)

TypeError: Message.__init__() takes 1 positional argument but 2 were given
2026-05-06 16:30:48.377 | INFO     | 2051886031249281024 | 收到任务，taskId=5, query=去北京旅游
2026-05-06 16:30:48.378 | INFO     | 2051886031249281024 | 开始处理任务 taskId=5
2026-05-06 16:30:48.377 | INFO     | 2051884030163619840 | 收到任务，taskId=4, query=去北京旅游
2026-05-06 16:30:48.378 | INFO     | 2051884030163619840 | 开始处理任务 taskId=4
2026-05-06 16:30:50.738 | ERROR    | N/A | AI模型调用失败: 404 Client Error: Not Found for url: https://dashscope.aliyuncs.com/compatible-mode/v1
2026-05-06 16:30:50.739 | ERROR    | 2051884030163619840 | 处理失败 taskId=4, error=AI模型错误: 404 Client Error: Not Found for url: https://dashscope.aliyuncs.com/compatible-mode/v1
2026-05-06 16:30:50.741 | ERROR    | N/A | AI模型调用失败: 404 Client Error: Not Found for url: https://dashscope.aliyuncs.com/compatible-mode/v1
2026-05-06 16:30:50.742 | ERROR    | 2051886031249281024 | 处理失败 taskId=5, error=AI模型错误: 404 Client Error: Not Found for url: https://dashscope.aliyuncs.com/compatible-mode/v1
2026-05-06 16:30:50.740 | ERROR    | N/A | 消息处理异常，将稍后重试: Message.__init__() takes 1 positional argument but 2 were given
Traceback (most recent call last):

  File "D:\python\Lib\threading.py", line 1044, in _bootstrap
    self._bootstrap_inner()
  File "D:\python\Lib\threading.py", line 1082, in _bootstrap_inner
    self._context.run(self.run)
  File "D:\python\Lib\threading.py", line 1024, in run
    self._target(*self._args, **self._kwargs)
  File "D:\python\Lib\concurrent\futures\thread.py", line 119, in _worker
    work_item.run(ctx)
  File "D:\python\Lib\concurrent\futures\thread.py", line 86, in run
    result = ctx.run(self.task)
  File "D:\python\Lib\concurrent\futures\thread.py", line 73, in run
    return fn(*args, **kwargs)
  File "D:\python\Lib\site-packages\rocketmq\v5\consumer\push\consumption.py", line 46, in __consume
    consume_result = self.__message_listener.consume(message)

> File "D:\毕业设计\Travel_python\travel_ai_python\app\mq\consumer.py", line 56, in consume
    self.result_producer.send_result(

  File "D:\毕业设计\Travel_python\travel_ai_python\app\mq\producer.py", line 64, in send_result
    msg = Message(settings.RESULT_TOPIC)

TypeError: Message.__init__() takes 1 positional argument but 2 were given
2026-05-06 16:30:50.743 | ERROR    | N/A | 消息处理异常，将稍后重试: Message.__init__() takes 1 positional argument but 2 were given
Traceback (most recent call last):

  File "D:\python\Lib\threading.py", line 1044, in _bootstrap
    self._bootstrap_inner()
  File "D:\python\Lib\threading.py", line 1082, in _bootstrap_inner
    self._context.run(self.run)
  File "D:\python\Lib\threading.py", line 1024, in run
    self._target(*self._args, **self._kwargs)
  File "D:\python\Lib\concurrent\futures\thread.py", line 119, in _worker
    work_item.run(ctx)
  File "D:\python\Lib\concurrent\futures\thread.py", line 86, in run
    result = ctx.run(self.task)
  File "D:\python\Lib\concurrent\futures\thread.py", line 73, in run
    return fn(*args, **kwargs)
  File "D:\python\Lib\site-packages\rocketmq\v5\consumer\push\consumption.py", line 46, in __consume
    consume_result = self.__message_listener.consume(message)

> File "D:\毕业设计\Travel_python\travel_ai_python\app\mq\consumer.py", line 56, in consume
    self.result_producer.send_result(

  File "D:\毕业设计\Travel_python\travel_ai_python\app\mq\producer.py", line 64, in send_result
    msg = Message(settings.RESULT_TOPIC)

TypeError: Message.__init__() takes 1 positional argument but 2 were given
2026-05-06 16:32:08.255 | INFO     | 2051884030163619840 | 收到任务，taskId=4, query=去北京旅游
2026-05-06 16:32:08.256 | INFO     | 2051884030163619840 | 开始处理任务 taskId=4
2026-05-06 16:32:08.255 | INFO     | 2051886031249281024 | 收到任务，taskId=5, query=去北京旅游
2026-05-06 16:32:08.257 | INFO     | 2051886031249281024 | 开始处理任务 taskId=5
2026-05-06 16:32:10.662 | ERROR    | N/A | AI模型调用失败: 404 Client Error: Not Found for url: https://dashscope.aliyuncs.com/compatible-mode/v1
2026-05-06 16:32:10.664 | ERROR    | 2051884030163619840 | 处理失败 taskId=4, error=AI模型错误: 404 Client Error: Not Found for url: https://dashscope.aliyuncs.com/compatible-mode/v1
2026-05-06 16:32:10.667 | ERROR    | N/A | 消息处理异常，将稍后重试: Message.__init__() takes 1 positional argument but 2 were given
Traceback (most recent call last):

  File "D:\python\Lib\threading.py", line 1044, in _bootstrap
    self._bootstrap_inner()
  File "D:\python\Lib\threading.py", line 1082, in _bootstrap_inner
    self._context.run(self.run)
  File "D:\python\Lib\threading.py", line 1024, in run
    self._target(*self._args, **self._kwargs)
  File "D:\python\Lib\concurrent\futures\thread.py", line 119, in _worker
    work_item.run(ctx)
  File "D:\python\Lib\concurrent\futures\thread.py", line 86, in run
    result = ctx.run(self.task)
  File "D:\python\Lib\concurrent\futures\thread.py", line 73, in run
    return fn(*args, **kwargs)
  File "D:\python\Lib\site-packages\rocketmq\v5\consumer\push\consumption.py", line 46, in __consume
    consume_result = self.__message_listener.consume(message)

> File "D:\毕业设计\Travel_python\travel_ai_python\app\mq\consumer.py", line 56, in consume
    self.result_producer.send_result(

  File "D:\毕业设计\Travel_python\travel_ai_python\app\mq\producer.py", line 64, in send_result
    msg = Message(settings.RESULT_TOPIC)

TypeError: Message.__init__() takes 1 positional argument but 2 were given
2026-05-06 16:32:10.671 | ERROR    | N/A | AI模型调用失败: 404 Client Error: Not Found for url: https://dashscope.aliyuncs.com/compatible-mode/v1
2026-05-06 16:32:10.673 | ERROR    | 2051886031249281024 | 处理失败 taskId=5, error=AI模型错误: 404 Client Error: Not Found for url: https://dashscope.aliyuncs.com/compatible-mode/v1
2026-05-06 16:32:10.675 | ERROR    | N/A | 消息处理异常，将稍后重试: Message.__init__() takes 1 positional argument but 2 were given
Traceback (most recent call last):

  File "D:\python\Lib\threading.py", line 1044, in _bootstrap
    self._bootstrap_inner()
  File "D:\python\Lib\threading.py", line 1082, in _bootstrap_inner
    self._context.run(self.run)
  File "D:\python\Lib\threading.py", line 1024, in run
    self._target(*self._args, **self._kwargs)
  File "D:\python\Lib\concurrent\futures\thread.py", line 119, in _worker
    work_item.run(ctx)
  File "D:\python\Lib\concurrent\futures\thread.py", line 86, in run
    result = ctx.run(self.task)
  File "D:\python\Lib\concurrent\futures\thread.py", line 73, in run
    return fn(*args, **kwargs)
  File "D:\python\Lib\site-packages\rocketmq\v5\consumer\push\consumption.py", line 46, in __consume
    consume_result = self.__message_listener.consume(message)

> File "D:\毕业设计\Travel_python\travel_ai_python\app\mq\consumer.py", line 56, in consume
    self.result_producer.send_result(

  File "D:\毕业设计\Travel_python\travel_ai_python\app\mq\producer.py", line 64, in send_result
    msg = Message(settings.RESULT_TOPIC)

TypeError: Message.__init__() takes 1 positional argument but 2 were given
2026-05-06 16:34:28.024 | INFO     | 2051884030163619840 | 收到任务，taskId=4, query=去北京旅游
2026-05-06 16:34:28.025 | INFO     | 2051884030163619840 | 开始处理任务 taskId=4
2026-05-06 16:34:28.025 | INFO     | 2051886031249281024 | 收到任务，taskId=5, query=去北京旅游
2026-05-06 16:34:28.026 | INFO     | 2051886031249281024 | 开始处理任务 taskId=5
2026-05-06 16:34:30.449 | ERROR    | N/A | AI模型调用失败: 404 Client Error: Not Found for url: https://dashscope.aliyuncs.com/compatible-mode/v1
2026-05-06 16:34:30.449 | ERROR    | 2051886031249281024 | 处理失败 taskId=5, error=AI模型错误: 404 Client Error: Not Found for url: https://dashscope.aliyuncs.com/compatible-mode/v1
2026-05-06 16:34:30.450 | ERROR    | N/A | 消息处理异常，将稍后重试: Message.__init__() takes 1 positional argument but 2 were given
Traceback (most recent call last):

  File "D:\python\Lib\threading.py", line 1044, in _bootstrap
    self._bootstrap_inner()
  File "D:\python\Lib\threading.py", line 1082, in _bootstrap_inner
    self._context.run(self.run)
  File "D:\python\Lib\threading.py", line 1024, in run
    self._target(*self._args, **self._kwargs)
  File "D:\python\Lib\concurrent\futures\thread.py", line 119, in _worker
    work_item.run(ctx)
  File "D:\python\Lib\concurrent\futures\thread.py", line 86, in run
    result = ctx.run(self.task)
  File "D:\python\Lib\concurrent\futures\thread.py", line 73, in run
    return fn(*args, **kwargs)
  File "D:\python\Lib\site-packages\rocketmq\v5\consumer\push\consumption.py", line 46, in __consume
    consume_result = self.__message_listener.consume(message)

> File "D:\毕业设计\Travel_python\travel_ai_python\app\mq\consumer.py", line 56, in consume
    self.result_producer.send_result(

  File "D:\毕业设计\Travel_python\travel_ai_python\app\mq\producer.py", line 64, in send_result
    msg = Message(settings.RESULT_TOPIC)

TypeError: Message.__init__() takes 1 positional argument but 2 were given
2026-05-06 16:34:30.459 | ERROR    | N/A | AI模型调用失败: 404 Client Error: Not Found for url: https://dashscope.aliyuncs.com/compatible-mode/v1
2026-05-06 16:34:30.460 | ERROR    | 2051884030163619840 | 处理失败 taskId=4, error=AI模型错误: 404 Client Error: Not Found for url: https://dashscope.aliyuncs.com/compatible-mode/v1
2026-05-06 16:34:30.461 | ERROR    | N/A | 消息处理异常，将稍后重试: Message.__init__() takes 1 positional argument but 2 were given
Traceback (most recent call last):

  File "D:\python\Lib\threading.py", line 1044, in _bootstrap
    self._bootstrap_inner()
  File "D:\python\Lib\threading.py", line 1082, in _bootstrap_inner
    self._context.run(self.run)
  File "D:\python\Lib\threading.py", line 1024, in run
    self._target(*self._args, **self._kwargs)
  File "D:\python\Lib\concurrent\futures\thread.py", line 119, in _worker
    work_item.run(ctx)
  File "D:\python\Lib\concurrent\futures\thread.py", line 86, in run
    result = ctx.run(self.task)
  File "D:\python\Lib\concurrent\futures\thread.py", line 73, in run
    return fn(*args, **kwargs)
  File "D:\python\Lib\site-packages\rocketmq\v5\consumer\push\consumption.py", line 46, in __consume
    consume_result = self.__message_listener.consume(message)

> File "D:\毕业设计\Travel_python\travel_ai_python\app\mq\consumer.py", line 56, in consume
    self.result_producer.send_result(

  File "D:\毕业设计\Travel_python\travel_ai_python\app\mq\producer.py", line 64, in send_result
    msg = Message(settings.RESULT_TOPIC)

TypeError: Message.__init__() takes 1 positional argument but 2 were given
2026-05-06 16:46:32.097 | INFO     | 2051884030163619840 | 收到任务，taskId=4, query=去北京旅游
2026-05-06 16:46:32.098 | INFO     | 2051884030163619840 | 开始处理任务 taskId=4
2026-05-06 16:46:32.099 | INFO     | 2051886031249281024 | 收到任务，taskId=5, query=去北京旅游
2026-05-06 16:46:32.100 | INFO     | 2051886031249281024 | 开始处理任务 taskId=5
2026-05-06 16:46:34.473 | ERROR    | N/A | AI模型调用失败: 404 Client Error: Not Found for url: https://dashscope.aliyuncs.com/compatible-mode/v1
2026-05-06 16:46:34.473 | ERROR    | 2051886031249281024 | 处理失败 taskId=5, error=AI模型错误: 404 Client Error: Not Found for url: https://dashscope.aliyuncs.com/compatible-mode/v1
2026-05-06 16:46:34.476 | ERROR    | N/A | AI模型调用失败: 404 Client Error: Not Found for url: https://dashscope.aliyuncs.com/compatible-mode/v1
2026-05-06 16:46:34.474 | ERROR    | N/A | 消息处理异常，将稍后重试: Message.__init__() takes 1 positional argument but 2 were given
Traceback (most recent call last):

  File "D:\python\Lib\threading.py", line 1044, in _bootstrap
    self._bootstrap_inner()
  File "D:\python\Lib\threading.py", line 1082, in _bootstrap_inner
    self._context.run(self.run)
  File "D:\python\Lib\threading.py", line 1024, in run
    self._target(*self._args, **self._kwargs)
  File "D:\python\Lib\concurrent\futures\thread.py", line 119, in _worker
    work_item.run(ctx)
  File "D:\python\Lib\concurrent\futures\thread.py", line 86, in run
    result = ctx.run(self.task)
  File "D:\python\Lib\concurrent\futures\thread.py", line 73, in run
    return fn(*args, **kwargs)
  File "D:\python\Lib\site-packages\rocketmq\v5\consumer\push\consumption.py", line 46, in __consume
    consume_result = self.__message_listener.consume(message)

> File "D:\毕业设计\Travel_python\travel_ai_python\app\mq\consumer.py", line 56, in consume
    self.result_producer.send_result(

  File "D:\毕业设计\Travel_python\travel_ai_python\app\mq\producer.py", line 64, in send_result
    msg = Message(settings.RESULT_TOPIC)

TypeError: Message.__init__() takes 1 positional argument but 2 were given
2026-05-06 16:46:34.478 | ERROR    | 2051884030163619840 | 处理失败 taskId=4, error=AI模型错误: 404 Client Error: Not Found for url: https://dashscope.aliyuncs.com/compatible-mode/v1
2026-05-06 16:46:34.481 | ERROR    | N/A | 消息处理异常，将稍后重试: Message.__init__() takes 1 positional argument but 2 were given
Traceback (most recent call last):

  File "D:\python\Lib\threading.py", line 1044, in _bootstrap
    self._bootstrap_inner()
  File "D:\python\Lib\threading.py", line 1082, in _bootstrap_inner
    self._context.run(self.run)
  File "D:\python\Lib\threading.py", line 1024, in run
    self._target(*self._args, **self._kwargs)
  File "D:\python\Lib\concurrent\futures\thread.py", line 119, in _worker
    work_item.run(ctx)
  File "D:\python\Lib\concurrent\futures\thread.py", line 86, in run
    result = ctx.run(self.task)
  File "D:\python\Lib\concurrent\futures\thread.py", line 73, in run
    return fn(*args, **kwargs)
  File "D:\python\Lib\site-packages\rocketmq\v5\consumer\push\consumption.py", line 46, in __consume
    consume_result = self.__message_listener.consume(message)

> File "D:\毕业设计\Travel_python\travel_ai_python\app\mq\consumer.py", line 56, in consume
    self.result_producer.send_result(

  File "D:\毕业设计\Travel_python\travel_ai_python\app\mq\producer.py", line 64, in send_result
    msg = Message(settings.RESULT_TOPIC)

TypeError: Message.__init__() takes 1 positional argument but 2 were given
2026-05-06 16:51:50.196 | INFO     | 2051886031249281024 | 收到任务，taskId=5, query=去北京旅游
2026-05-06 16:51:50.196 | INFO     | 2051884030163619840 | 收到任务，taskId=4, query=去北京旅游
2026-05-06 16:51:50.198 | INFO     | 2051884030163619840 | 开始处理任务 taskId=4
2026-05-06 16:51:50.197 | INFO     | 2051886031249281024 | 开始处理任务 taskId=5
2026-05-06 16:51:52.616 | ERROR    | N/A | AI模型调用失败: 404 Client Error: Not Found for url: https://dashscope.aliyuncs.com/compatible-mode/v1
2026-05-06 16:51:52.616 | ERROR    | 2051886031249281024 | 处理失败 taskId=5, error=AI模型错误: 404 Client Error: Not Found for url: https://dashscope.aliyuncs.com/compatible-mode/v1
2026-05-06 16:51:52.618 | ERROR    | N/A | 消息处理异常，将稍后重试: Message.__init__() takes 1 positional argument but 2 were given
Traceback (most recent call last):

  File "D:\python\Lib\threading.py", line 1044, in _bootstrap
    self._bootstrap_inner()
  File "D:\python\Lib\threading.py", line 1082, in _bootstrap_inner
    self._context.run(self.run)
  File "D:\python\Lib\threading.py", line 1024, in run
    self._target(*self._args, **self._kwargs)
  File "D:\python\Lib\concurrent\futures\thread.py", line 119, in _worker
    work_item.run(ctx)
  File "D:\python\Lib\concurrent\futures\thread.py", line 86, in run
    result = ctx.run(self.task)
  File "D:\python\Lib\concurrent\futures\thread.py", line 73, in run
    return fn(*args, **kwargs)
  File "D:\python\Lib\site-packages\rocketmq\v5\consumer\push\consumption.py", line 46, in __consume
    consume_result = self.__message_listener.consume(message)

> File "D:\毕业设计\Travel_python\travel_ai_python\app\mq\consumer.py", line 56, in consume
    self.result_producer.send_result(

  File "D:\毕业设计\Travel_python\travel_ai_python\app\mq\producer.py", line 64, in send_result
    msg = Message(settings.RESULT_TOPIC)

TypeError: Message.__init__() takes 1 positional argument but 2 were given
2026-05-06 16:51:52.625 | ERROR    | N/A | AI模型调用失败: 404 Client Error: Not Found for url: https://dashscope.aliyuncs.com/compatible-mode/v1
2026-05-06 16:51:52.625 | ERROR    | 2051884030163619840 | 处理失败 taskId=4, error=AI模型错误: 404 Client Error: Not Found for url: https://dashscope.aliyuncs.com/compatible-mode/v1
2026-05-06 16:51:52.626 | ERROR    | N/A | 消息处理异常，将稍后重试: Message.__init__() takes 1 positional argument but 2 were given
Traceback (most recent call last):

  File "D:\python\Lib\threading.py", line 1044, in _bootstrap
    self._bootstrap_inner()
  File "D:\python\Lib\threading.py", line 1082, in _bootstrap_inner
    self._context.run(self.run)
  File "D:\python\Lib\threading.py", line 1024, in run
    self._target(*self._args, **self._kwargs)
  File "D:\python\Lib\concurrent\futures\thread.py", line 119, in _worker
    work_item.run(ctx)
  File "D:\python\Lib\concurrent\futures\thread.py", line 86, in run
    result = ctx.run(self.task)
  File "D:\python\Lib\concurrent\futures\thread.py", line 73, in run
    return fn(*args, **kwargs)
  File "D:\python\Lib\site-packages\rocketmq\v5\consumer\push\consumption.py", line 46, in __consume
    consume_result = self.__message_listener.consume(message)

> File "D:\毕业设计\Travel_python\travel_ai_python\app\mq\consumer.py", line 56, in consume
    self.result_producer.send_result(

  File "D:\毕业设计\Travel_python\travel_ai_python\app\mq\producer.py", line 64, in send_result
    msg = Message(settings.RESULT_TOPIC)

TypeError: Message.__init__() takes 1 positional argument but 2 were given
2026-05-06 16:58:09.564 | INFO     | 2051884030163619840 | 收到任务，taskId=4, query=去北京旅游
2026-05-06 16:58:09.565 | INFO     | 2051884030163619840 | 开始处理任务 taskId=4
2026-05-06 16:58:09.565 | INFO     | 2051886031249281024 | 收到任务，taskId=5, query=去北京旅游
2026-05-06 16:58:09.566 | INFO     | 2051886031249281024 | 开始处理任务 taskId=5
2026-05-06 16:58:11.959 | ERROR    | N/A | AI模型调用失败: 404 Client Error: Not Found for url: https://dashscope.aliyuncs.com/compatible-mode/v1
2026-05-06 16:58:11.959 | ERROR    | 2051884030163619840 | 处理失败 taskId=4, error=AI模型错误: 404 Client Error: Not Found for url: https://dashscope.aliyuncs.com/compatible-mode/v1
2026-05-06 16:58:11.961 | ERROR    | N/A | 消息处理异常，将稍后重试: Message.__init__() takes 1 positional argument but 2 were given
Traceback (most recent call last):

  File "D:\python\Lib\threading.py", line 1044, in _bootstrap
    self._bootstrap_inner()
  File "D:\python\Lib\threading.py", line 1082, in _bootstrap_inner
    self._context.run(self.run)
  File "D:\python\Lib\threading.py", line 1024, in run
    self._target(*self._args, **self._kwargs)
  File "D:\python\Lib\concurrent\futures\thread.py", line 119, in _worker
    work_item.run(ctx)
  File "D:\python\Lib\concurrent\futures\thread.py", line 86, in run
    result = ctx.run(self.task)
  File "D:\python\Lib\concurrent\futures\thread.py", line 73, in run
    return fn(*args, **kwargs)
  File "D:\python\Lib\site-packages\rocketmq\v5\consumer\push\consumption.py", line 46, in __consume
    consume_result = self.__message_listener.consume(message)

> File "D:\毕业设计\Travel_python\travel_ai_python\app\mq\consumer.py", line 56, in consume
    self.result_producer.send_result(

  File "D:\毕业设计\Travel_python\travel_ai_python\app\mq\producer.py", line 64, in send_result
    msg = Message(settings.RESULT_TOPIC)

TypeError: Message.__init__() takes 1 positional argument but 2 were given
2026-05-06 16:58:11.968 | ERROR    | N/A | AI模型调用失败: 404 Client Error: Not Found for url: https://dashscope.aliyuncs.com/compatible-mode/v1
2026-05-06 16:58:11.968 | ERROR    | 2051886031249281024 | 处理失败 taskId=5, error=AI模型错误: 404 Client Error: Not Found for url: https://dashscope.aliyuncs.com/compatible-mode/v1
2026-05-06 16:58:11.970 | ERROR    | N/A | 消息处理异常，将稍后重试: Message.__init__() takes 1 positional argument but 2 were given
Traceback (most recent call last):

  File "D:\python\Lib\threading.py", line 1044, in _bootstrap
    self._bootstrap_inner()
  File "D:\python\Lib\threading.py", line 1082, in _bootstrap_inner
    self._context.run(self.run)
  File "D:\python\Lib\threading.py", line 1024, in run
    self._target(*self._args, **self._kwargs)
  File "D:\python\Lib\concurrent\futures\thread.py", line 119, in _worker
    work_item.run(ctx)
  File "D:\python\Lib\concurrent\futures\thread.py", line 86, in run
    result = ctx.run(self.task)
  File "D:\python\Lib\concurrent\futures\thread.py", line 73, in run
    return fn(*args, **kwargs)
  File "D:\python\Lib\site-packages\rocketmq\v5\consumer\push\consumption.py", line 46, in __consume
    consume_result = self.__message_listener.consume(message)

> File "D:\毕业设计\Travel_python\travel_ai_python\app\mq\consumer.py", line 56, in consume
    self.result_producer.send_result(

  File "D:\毕业设计\Travel_python\travel_ai_python\app\mq\producer.py", line 64, in send_result
    msg = Message(settings.RESULT_TOPIC)

TypeError: Message.__init__() takes 1 positional argument but 2 were given
2026-05-06 17:05:28.849 | INFO     | 2051886031249281024 | 收到任务，taskId=5, query=去北京旅游
2026-05-06 17:05:28.849 | INFO     | 2051886031249281024 | 开始处理任务 taskId=5
2026-05-06 17:05:28.850 | INFO     | 2051884030163619840 | 收到任务，taskId=4, query=去北京旅游
2026-05-06 17:05:28.850 | INFO     | 2051884030163619840 | 开始处理任务 taskId=4
2026-05-06 17:05:31.216 | ERROR    | N/A | AI模型调用失败: 404 Client Error: Not Found for url: https://dashscope.aliyuncs.com/compatible-mode/v1
2026-05-06 17:05:31.217 | ERROR    | 2051884030163619840 | 处理失败 taskId=4, error=AI模型错误: 404 Client Error: Not Found for url: https://dashscope.aliyuncs.com/compatible-mode/v1
2026-05-06 17:05:31.218 | ERROR    | N/A | 消息处理异常，将稍后重试: Message.__init__() takes 1 positional argument but 2 were given
Traceback (most recent call last):

  File "D:\python\Lib\threading.py", line 1044, in _bootstrap
    self._bootstrap_inner()
  File "D:\python\Lib\threading.py", line 1082, in _bootstrap_inner
    self._context.run(self.run)
  File "D:\python\Lib\threading.py", line 1024, in run
    self._target(*self._args, **self._kwargs)
  File "D:\python\Lib\concurrent\futures\thread.py", line 119, in _worker
    work_item.run(ctx)
  File "D:\python\Lib\concurrent\futures\thread.py", line 86, in run
    result = ctx.run(self.task)
  File "D:\python\Lib\concurrent\futures\thread.py", line 73, in run
    return fn(*args, **kwargs)
  File "D:\python\Lib\site-packages\rocketmq\v5\consumer\push\consumption.py", line 46, in __consume
    consume_result = self.__message_listener.consume(message)

> File "D:\毕业设计\Travel_python\travel_ai_python\app\mq\consumer.py", line 56, in consume
    self.result_producer.send_result(

  File "D:\毕业设计\Travel_python\travel_ai_python\app\mq\producer.py", line 64, in send_result
    msg = Message(settings.RESULT_TOPIC)

TypeError: Message.__init__() takes 1 positional argument but 2 were given
2026-05-06 17:05:31.226 | ERROR    | N/A | AI模型调用失败: 404 Client Error: Not Found for url: https://dashscope.aliyuncs.com/compatible-mode/v1
2026-05-06 17:05:31.227 | ERROR    | 2051886031249281024 | 处理失败 taskId=5, error=AI模型错误: 404 Client Error: Not Found for url: https://dashscope.aliyuncs.com/compatible-mode/v1
2026-05-06 17:05:31.228 | ERROR    | N/A | 消息处理异常，将稍后重试: Message.__init__() takes 1 positional argument but 2 were given
Traceback (most recent call last):

  File "D:\python\Lib\threading.py", line 1044, in _bootstrap
    self._bootstrap_inner()
  File "D:\python\Lib\threading.py", line 1082, in _bootstrap_inner
    self._context.run(self.run)
  File "D:\python\Lib\threading.py", line 1024, in run
    self._target(*self._args, **self._kwargs)
  File "D:\python\Lib\concurrent\futures\thread.py", line 119, in _worker
    work_item.run(ctx)
  File "D:\python\Lib\concurrent\futures\thread.py", line 86, in run
    result = ctx.run(self.task)
  File "D:\python\Lib\concurrent\futures\thread.py", line 73, in run
    return fn(*args, **kwargs)
  File "D:\python\Lib\site-packages\rocketmq\v5\consumer\push\consumption.py", line 46, in __consume
    consume_result = self.__message_listener.consume(message)

> File "D:\毕业设计\Travel_python\travel_ai_python\app\mq\consumer.py", line 56, in consume
    self.result_producer.send_result(

  File "D:\毕业设计\Travel_python\travel_ai_python\app\mq\producer.py", line 64, in send_result
    msg = Message(settings.RESULT_TOPIC)

TypeError: Message.__init__() takes 1 positional argument but 2 were given
2026-05-06 17:13:48.039 | INFO     | 2051884030163619840 | 收到任务，taskId=4, query=去北京旅游
2026-05-06 17:13:48.039 | INFO     | 2051884030163619840 | 开始处理任务 taskId=4
2026-05-06 17:13:48.040 | INFO     | 2051886031249281024 | 收到任务，taskId=5, query=去北京旅游
2026-05-06 17:13:48.041 | INFO     | 2051886031249281024 | 开始处理任务 taskId=5
2026-05-06 17:13:50.431 | ERROR    | N/A | AI模型调用失败: 404 Client Error: Not Found for url: https://dashscope.aliyuncs.com/compatible-mode/v1
2026-05-06 17:13:50.431 | ERROR    | 2051884030163619840 | 处理失败 taskId=4, error=AI模型错误: 404 Client Error: Not Found for url: https://dashscope.aliyuncs.com/compatible-mode/v1
2026-05-06 17:13:50.434 | ERROR    | N/A | 消息处理异常，将稍后重试: Message.__init__() takes 1 positional argument but 2 were given
Traceback (most recent call last):

  File "D:\python\Lib\threading.py", line 1044, in _bootstrap
    self._bootstrap_inner()
  File "D:\python\Lib\threading.py", line 1082, in _bootstrap_inner
    self._context.run(self.run)
  File "D:\python\Lib\threading.py", line 1024, in run
    self._target(*self._args, **self._kwargs)
  File "D:\python\Lib\concurrent\futures\thread.py", line 119, in _worker
    work_item.run(ctx)
  File "D:\python\Lib\concurrent\futures\thread.py", line 86, in run
    result = ctx.run(self.task)
  File "D:\python\Lib\concurrent\futures\thread.py", line 73, in run
    return fn(*args, **kwargs)
  File "D:\python\Lib\site-packages\rocketmq\v5\consumer\push\consumption.py", line 46, in __consume
    consume_result = self.__message_listener.consume(message)

> File "D:\毕业设计\Travel_python\travel_ai_python\app\mq\consumer.py", line 56, in consume
    self.result_producer.send_result(

  File "D:\毕业设计\Travel_python\travel_ai_python\app\mq\producer.py", line 64, in send_result
    msg = Message(settings.RESULT_TOPIC)

TypeError: Message.__init__() takes 1 positional argument but 2 were given
2026-05-06 17:13:50.447 | ERROR    | N/A | AI模型调用失败: 404 Client Error: Not Found for url: https://dashscope.aliyuncs.com/compatible-mode/v1
2026-05-06 17:13:50.448 | ERROR    | 2051886031249281024 | 处理失败 taskId=5, error=AI模型错误: 404 Client Error: Not Found for url: https://dashscope.aliyuncs.com/compatible-mode/v1
2026-05-06 17:13:50.449 | ERROR    | N/A | 消息处理异常，将稍后重试: Message.__init__() takes 1 positional argument but 2 were given
Traceback (most recent call last):

  File "D:\python\Lib\threading.py", line 1044, in _bootstrap
    self._bootstrap_inner()
  File "D:\python\Lib\threading.py", line 1082, in _bootstrap_inner
    self._context.run(self.run)
  File "D:\python\Lib\threading.py", line 1024, in run
    self._target(*self._args, **self._kwargs)
  File "D:\python\Lib\concurrent\futures\thread.py", line 119, in _worker
    work_item.run(ctx)
  File "D:\python\Lib\concurrent\futures\thread.py", line 86, in run
    result = ctx.run(self.task)
  File "D:\python\Lib\concurrent\futures\thread.py", line 73, in run
    return fn(*args, **kwargs)
  File "D:\python\Lib\site-packages\rocketmq\v5\consumer\push\consumption.py", line 46, in __consume
    consume_result = self.__message_listener.consume(message)

> File "D:\毕业设计\Travel_python\travel_ai_python\app\mq\consumer.py", line 56, in consume
    self.result_producer.send_result(

  File "D:\毕业设计\Travel_python\travel_ai_python\app\mq\producer.py", line 64, in send_result
    msg = Message(settings.RESULT_TOPIC)

TypeError: Message.__init__() takes 1 positional argument but 2 were given
2026-05-06 17:16:19.558 | INFO     | N/A | 收到停止信号，正在关闭...
2026-05-06 17:16:19.573 | INFO     | N/A | ResultProducer 已关闭
2026-05-06 17:16:19.573 | INFO     | N/A | TaskConsumer 已关闭
2026-05-06 17:16:22.421 | INFO     | N/A | ResultProducer 启动成功
2026-05-06 17:16:22.514 | INFO     | N/A | TaskConsumer 启动成功，连接至 Proxy 地址: 192.168.71.140:8081
2026-05-06 17:16:22.514 | INFO     | N/A | Python 消费者已启动，等待消息...
2026-05-06 17:16:56.957 | INFO     | 2051954357266747392 | 收到任务，taskId=6, query=去北京旅游
2026-05-06 17:16:56.958 | INFO     | 2051954357266747392 | 开始处理任务 taskId=6
2026-05-06 17:16:59.326 | ERROR    | N/A | AI模型调用失败: 404 Client Error: Not Found for url: https://dashscope.aliyuncs.com/compatible-mode/v1
2026-05-06 17:16:59.327 | ERROR    | 2051954357266747392 | 处理失败 taskId=6, error=AI模型错误: 404 Client Error: Not Found for url: https://dashscope.aliyuncs.com/compatible-mode/v1
2026-05-06 17:16:59.329 | ERROR    | N/A | 消息处理异常，将稍后重试: Message.__init__() takes 1 positional argument but 2 were given
Traceback (most recent call last):

  File "D:\python\Lib\threading.py", line 1044, in _bootstrap
    self._bootstrap_inner()
  File "D:\python\Lib\threading.py", line 1082, in _bootstrap_inner
    self._context.run(self.run)
  File "D:\python\Lib\threading.py", line 1024, in run
    self._target(*self._args, **self._kwargs)
  File "D:\python\Lib\concurrent\futures\thread.py", line 119, in _worker
    work_item.run(ctx)
  File "D:\python\Lib\concurrent\futures\thread.py", line 86, in run
    result = ctx.run(self.task)
  File "D:\python\Lib\concurrent\futures\thread.py", line 73, in run
    return fn(*args, **kwargs)
  File "D:\python\Lib\site-packages\rocketmq\v5\consumer\push\consumption.py", line 46, in __consume
    consume_result = self.__message_listener.consume(message)

> File "D:\毕业设计\Travel_python\travel_ai_python\app\mq\consumer.py", line 56, in consume
    self.result_producer.send_result(

  File "D:\毕业设计\Travel_python\travel_ai_python\app\mq\producer.py", line 64, in send_result
    msg = Message(settings.RESULT_TOPIC)

TypeError: Message.__init__() takes 1 positional argument but 2 were given
2026-05-06 17:17:02.871 | INFO     | N/A | 收到停止信号，正在关闭...
2026-05-06 17:17:02.881 | INFO     | N/A | ResultProducer 已关闭
2026-05-06 17:17:02.881 | INFO     | N/A | TaskConsumer 已关闭
2026-05-06 17:22:56.551 | INFO     | N/A | ResultProducer 启动成功
2026-05-06 17:22:56.700 | INFO     | N/A | TaskConsumer 启动成功，连接至 Proxy 地址: 192.168.71.140:8081
2026-05-06 17:22:56.700 | INFO     | N/A | Python 消费者已启动，等待消息...
2026-05-06 17:22:57.720 | INFO     | 2051954357266747392 | 收到任务，taskId=6, query=去北京旅游
2026-05-06 17:22:57.721 | INFO     | 2051954357266747392 | 开始处理任务 taskId=6
2026-05-06 17:22:57.721 | INFO     | 2051886031249281024 | 收到任务，taskId=5, query=去北京旅游
2026-05-06 17:22:57.722 | INFO     | 2051886031249281024 | 开始处理任务 taskId=5
2026-05-06 17:22:57.722 | INFO     | 2051884030163619840 | 收到任务，taskId=4, query=去北京旅游
2026-05-06 17:22:57.723 | INFO     | 2051884030163619840 | 开始处理任务 taskId=4
2026-05-06 17:23:00.126 | ERROR    | N/A | AI模型调用失败: 400 Client Error: Bad Request for url: https://dashscope.aliyuncs.com/compatible-mode/v1/chat/completions
2026-05-06 17:23:00.127 | ERROR    | 2051884030163619840 | 处理失败 taskId=4, error=AI模型错误: 400 Client Error: Bad Request for url: https://dashscope.aliyuncs.com/compatible-mode/v1/chat/completions
2026-05-06 17:23:00.129 | ERROR    | N/A | AI模型调用失败: 400 Client Error: Bad Request for url: https://dashscope.aliyuncs.com/compatible-mode/v1/chat/completions
2026-05-06 17:23:00.129 | ERROR    | 2051886031249281024 | 处理失败 taskId=5, error=AI模型错误: 400 Client Error: Bad Request for url: https://dashscope.aliyuncs.com/compatible-mode/v1/chat/completions
2026-05-06 17:23:00.128 | ERROR    | N/A | 消息处理异常，将稍后重试: Message.__init__() takes 1 positional argument but 2 were given
Traceback (most recent call last):

  File "D:\python\Lib\threading.py", line 1044, in _bootstrap
    self._bootstrap_inner()
  File "D:\python\Lib\threading.py", line 1082, in _bootstrap_inner
    self._context.run(self.run)
  File "D:\python\Lib\threading.py", line 1024, in run
    self._target(*self._args, **self._kwargs)
  File "D:\python\Lib\concurrent\futures\thread.py", line 119, in _worker
    work_item.run(ctx)
  File "D:\python\Lib\concurrent\futures\thread.py", line 86, in run
    result = ctx.run(self.task)
  File "D:\python\Lib\concurrent\futures\thread.py", line 73, in run
    return fn(*args, **kwargs)
  File "D:\python\Lib\site-packages\rocketmq\v5\consumer\push\consumption.py", line 46, in __consume
    consume_result = self.__message_listener.consume(message)

> File "D:\毕业设计\Travel_python\travel_ai_python\app\mq\consumer.py", line 56, in consume
    self.result_producer.send_result(

  File "D:\毕业设计\Travel_python\travel_ai_python\app\mq\producer.py", line 64, in send_result
    msg = Message(settings.RESULT_TOPIC)

TypeError: Message.__init__() takes 1 positional argument but 2 were given
2026-05-06 17:23:00.130 | ERROR    | N/A | 消息处理异常，将稍后重试: Message.__init__() takes 1 positional argument but 2 were given
Traceback (most recent call last):

  File "D:\python\Lib\threading.py", line 1044, in _bootstrap
    self._bootstrap_inner()
  File "D:\python\Lib\threading.py", line 1082, in _bootstrap_inner
    self._context.run(self.run)
  File "D:\python\Lib\threading.py", line 1024, in run
    self._target(*self._args, **self._kwargs)
  File "D:\python\Lib\concurrent\futures\thread.py", line 119, in _worker
    work_item.run(ctx)
  File "D:\python\Lib\concurrent\futures\thread.py", line 86, in run
    result = ctx.run(self.task)
  File "D:\python\Lib\concurrent\futures\thread.py", line 73, in run
    return fn(*args, **kwargs)
  File "D:\python\Lib\site-packages\rocketmq\v5\consumer\push\consumption.py", line 46, in __consume
    consume_result = self.__message_listener.consume(message)

> File "D:\毕业设计\Travel_python\travel_ai_python\app\mq\consumer.py", line 56, in consume
    self.result_producer.send_result(

  File "D:\毕业设计\Travel_python\travel_ai_python\app\mq\producer.py", line 64, in send_result
    msg = Message(settings.RESULT_TOPIC)

TypeError: Message.__init__() takes 1 positional argument but 2 were given
2026-05-06 17:23:00.138 | ERROR    | N/A | AI模型调用失败: 400 Client Error: Bad Request for url: https://dashscope.aliyuncs.com/compatible-mode/v1/chat/completions
2026-05-06 17:23:00.139 | ERROR    | 2051954357266747392 | 处理失败 taskId=6, error=AI模型错误: 400 Client Error: Bad Request for url: https://dashscope.aliyuncs.com/compatible-mode/v1/chat/completions
2026-05-06 17:23:00.140 | ERROR    | N/A | 消息处理异常，将稍后重试: Message.__init__() takes 1 positional argument but 2 were given
Traceback (most recent call last):

  File "D:\python\Lib\threading.py", line 1044, in _bootstrap
    self._bootstrap_inner()
  File "D:\python\Lib\threading.py", line 1082, in _bootstrap_inner
    self._context.run(self.run)
  File "D:\python\Lib\threading.py", line 1024, in run
    self._target(*self._args, **self._kwargs)
  File "D:\python\Lib\concurrent\futures\thread.py", line 119, in _worker
    work_item.run(ctx)
  File "D:\python\Lib\concurrent\futures\thread.py", line 86, in run
    result = ctx.run(self.task)
  File "D:\python\Lib\concurrent\futures\thread.py", line 73, in run
    return fn(*args, **kwargs)
  File "D:\python\Lib\site-packages\rocketmq\v5\consumer\push\consumption.py", line 46, in __consume
    consume_result = self.__message_listener.consume(message)

> File "D:\毕业设计\Travel_python\travel_ai_python\app\mq\consumer.py", line 56, in consume
    self.result_producer.send_result(

  File "D:\毕业设计\Travel_python\travel_ai_python\app\mq\producer.py", line 64, in send_result
    msg = Message(settings.RESULT_TOPIC)

TypeError: Message.__init__() takes 1 positional argument but 2 were given
2026-05-06 17:23:17.689 | INFO     | 2051954357266747392 | 收到任务，taskId=6, query=去北京旅游
2026-05-06 17:23:17.689 | INFO     | 2051954357266747392 | 开始处理任务 taskId=6
2026-05-06 17:23:20.014 | ERROR    | N/A | AI模型调用失败: 400 Client Error: Bad Request for url: https://dashscope.aliyuncs.com/compatible-mode/v1/chat/completions
2026-05-06 17:23:20.014 | ERROR    | 2051954357266747392 | 处理失败 taskId=6, error=AI模型错误: 400 Client Error: Bad Request for url: https://dashscope.aliyuncs.com/compatible-mode/v1/chat/completions
2026-05-06 17:23:20.015 | ERROR    | N/A | 消息处理异常，将稍后重试: Message.__init__() takes 1 positional argument but 2 were given
Traceback (most recent call last):

  File "D:\python\Lib\threading.py", line 1044, in _bootstrap
    self._bootstrap_inner()
  File "D:\python\Lib\threading.py", line 1082, in _bootstrap_inner
    self._context.run(self.run)
  File "D:\python\Lib\threading.py", line 1024, in run
    self._target(*self._args, **self._kwargs)
  File "D:\python\Lib\concurrent\futures\thread.py", line 119, in _worker
    work_item.run(ctx)
  File "D:\python\Lib\concurrent\futures\thread.py", line 86, in run
    result = ctx.run(self.task)
  File "D:\python\Lib\concurrent\futures\thread.py", line 73, in run
    return fn(*args, **kwargs)
  File "D:\python\Lib\site-packages\rocketmq\v5\consumer\push\consumption.py", line 46, in __consume
    consume_result = self.__message_listener.consume(message)

> File "D:\毕业设计\Travel_python\travel_ai_python\app\mq\consumer.py", line 56, in consume
    self.result_producer.send_result(

  File "D:\毕业设计\Travel_python\travel_ai_python\app\mq\producer.py", line 64, in send_result
    msg = Message(settings.RESULT_TOPIC)

TypeError: Message.__init__() takes 1 positional argument but 2 were given
2026-05-06 17:23:57.629 | INFO     | 2051954357266747392 | 收到任务，taskId=6, query=去北京旅游
2026-05-06 17:23:57.629 | INFO     | 2051954357266747392 | 开始处理任务 taskId=6
2026-05-06 17:23:59.965 | ERROR    | N/A | AI模型调用失败: 400 Client Error: Bad Request for url: https://dashscope.aliyuncs.com/compatible-mode/v1/chat/completions
2026-05-06 17:23:59.965 | ERROR    | 2051954357266747392 | 处理失败 taskId=6, error=AI模型错误: 400 Client Error: Bad Request for url: https://dashscope.aliyuncs.com/compatible-mode/v1/chat/completions
2026-05-06 17:23:59.967 | ERROR    | N/A | 消息处理异常，将稍后重试: Message.__init__() takes 1 positional argument but 2 were given
Traceback (most recent call last):

  File "D:\python\Lib\threading.py", line 1044, in _bootstrap
    self._bootstrap_inner()
  File "D:\python\Lib\threading.py", line 1082, in _bootstrap_inner
    self._context.run(self.run)
  File "D:\python\Lib\threading.py", line 1024, in run
    self._target(*self._args, **self._kwargs)
  File "D:\python\Lib\concurrent\futures\thread.py", line 119, in _worker
    work_item.run(ctx)
  File "D:\python\Lib\concurrent\futures\thread.py", line 86, in run
    result = ctx.run(self.task)
  File "D:\python\Lib\concurrent\futures\thread.py", line 73, in run
    return fn(*args, **kwargs)
  File "D:\python\Lib\site-packages\rocketmq\v5\consumer\push\consumption.py", line 46, in __consume
    consume_result = self.__message_listener.consume(message)

> File "D:\毕业设计\Travel_python\travel_ai_python\app\mq\consumer.py", line 56, in consume
    self.result_producer.send_result(

  File "D:\毕业设计\Travel_python\travel_ai_python\app\mq\producer.py", line 64, in send_result
    msg = Message(settings.RESULT_TOPIC)

TypeError: Message.__init__() takes 1 positional argument but 2 were given
2026-05-06 17:25:10.447 | INFO     | N/A | 收到停止信号，正在关闭...
2026-05-06 17:25:10.458 | INFO     | N/A | ResultProducer 已关闭
2026-05-06 17:25:10.458 | INFO     | N/A | TaskConsumer 已关闭
2026-05-06 17:25:11.106 | INFO     | N/A | ResultProducer 启动成功
2026-05-06 17:25:11.198 | INFO     | N/A | TaskConsumer 启动成功，连接至 Proxy 地址: 192.168.71.140:8081
2026-05-06 17:25:11.198 | INFO     | N/A | Python 消费者已启动，等待消息...
2026-05-06 17:25:12.221 | INFO     | 2051954357266747392 | 收到任务，taskId=6, query=去北京旅游
2026-05-06 17:25:12.222 | INFO     | 2051954357266747392 | 开始处理任务 taskId=6
2026-05-06 17:25:44.433 | ERROR    | N/A | AI模型调用失败: HTTPSConnectionPool(host='dashscope.aliyuncs.com', port=443): Read timed out. (read timeout=30)
2026-05-06 17:25:44.434 | ERROR    | 2051954357266747392 | 处理失败 taskId=6, error=AI模型错误: HTTPSConnectionPool(host='dashscope.aliyuncs.com', port=443): Read timed out. (read timeout=30)
2026-05-06 17:25:44.434 | ERROR    | N/A | 消息处理异常，将稍后重试: Message.__init__() takes 1 positional argument but 2 were given
Traceback (most recent call last):

  File "D:\python\Lib\threading.py", line 1044, in _bootstrap
    self._bootstrap_inner()
  File "D:\python\Lib\threading.py", line 1082, in _bootstrap_inner
    self._context.run(self.run)
  File "D:\python\Lib\threading.py", line 1024, in run
    self._target(*self._args, **self._kwargs)
  File "D:\python\Lib\concurrent\futures\thread.py", line 119, in _worker
    work_item.run(ctx)
  File "D:\python\Lib\concurrent\futures\thread.py", line 86, in run
    result = ctx.run(self.task)
  File "D:\python\Lib\concurrent\futures\thread.py", line 73, in run
    return fn(*args, **kwargs)
  File "D:\python\Lib\site-packages\rocketmq\v5\consumer\push\consumption.py", line 46, in __consume
    consume_result = self.__message_listener.consume(message)

> File "D:\毕业设计\Travel_python\travel_ai_python\app\mq\consumer.py", line 56, in consume
    self.result_producer.send_result(

  File "D:\毕业设计\Travel_python\travel_ai_python\app\mq\producer.py", line 64, in send_result
    msg = Message(settings.RESULT_TOPIC)

TypeError: Message.__init__() takes 1 positional argument but 2 were given
2026-05-06 17:27:31.069 | INFO     | N/A | 收到停止信号，正在关闭...
2026-05-06 17:27:31.077 | INFO     | N/A | ResultProducer 已关闭
2026-05-06 17:27:31.077 | INFO     | N/A | TaskConsumer 已关闭
2026-05-06 17:27:31.702 | INFO     | N/A | ResultProducer 启动成功
2026-05-06 17:27:31.809 | INFO     | N/A | TaskConsumer 启动成功，连接至 Proxy 地址: 192.168.71.140:8081
2026-05-06 17:27:31.809 | INFO     | N/A | Python 消费者已启动，等待消息...
2026-05-06 17:27:41.253 | INFO     | 2051957059656814592 | 收到任务，taskId=7, query=去北京旅游
2026-05-06 17:27:41.253 | INFO     | 2051957059656814592 | 开始处理任务 taskId=7
2026-05-06 17:28:01.221 | INFO     | 2051954357266747392 | 收到任务，taskId=6, query=去北京旅游
2026-05-06 17:28:01.221 | INFO     | 2051954357266747392 | 开始处理任务 taskId=6
2026-05-06 17:28:24.642 | INFO     | 2051957059656814592 | AI处理成功 taskId=7, planId=2202
2026-05-06 17:28:24.643 | ERROR    | N/A | 消息处理异常，将稍后重试: Message.__init__() takes 1 positional argument but 2 were given
Traceback (most recent call last):

  File "D:\python\Lib\threading.py", line 1044, in _bootstrap
    self._bootstrap_inner()
  File "D:\python\Lib\threading.py", line 1082, in _bootstrap_inner
    self._context.run(self.run)
  File "D:\python\Lib\threading.py", line 1024, in run
    self._target(*self._args, **self._kwargs)
  File "D:\python\Lib\concurrent\futures\thread.py", line 119, in _worker
    work_item.run(ctx)
  File "D:\python\Lib\concurrent\futures\thread.py", line 86, in run
    result = ctx.run(self.task)
  File "D:\python\Lib\concurrent\futures\thread.py", line 73, in run
    return fn(*args, **kwargs)
  File "D:\python\Lib\site-packages\rocketmq\v5\consumer\push\consumption.py", line 46, in __consume
    consume_result = self.__message_listener.consume(message)

> File "D:\毕业设计\Travel_python\travel_ai_python\app\mq\consumer.py", line 56, in consume
    self.result_producer.send_result(

  File "D:\毕业设计\Travel_python\travel_ai_python\app\mq\producer.py", line 64, in send_result
    msg = Message(settings.RESULT_TOPIC)

TypeError: Message.__init__() takes 1 positional argument but 2 were given
2026-05-06 17:28:41.156 | INFO     | 2051957059656814592 | 收到任务，taskId=7, query=去北京旅游
2026-05-06 17:28:41.157 | INFO     | 2051957059656814592 | 开始处理任务 taskId=7
2026-05-06 17:28:44.766 | INFO     | 2051954357266747392 | AI处理成功 taskId=6, planId=2622
2026-05-06 17:28:44.766 | ERROR    | N/A | 消息处理异常，将稍后重试: Message.__init__() takes 1 positional argument but 2 were given
Traceback (most recent call last):

  File "D:\python\Lib\threading.py", line 1044, in _bootstrap
    self._bootstrap_inner()
  File "D:\python\Lib\threading.py", line 1082, in _bootstrap_inner
    self._context.run(self.run)
  File "D:\python\Lib\threading.py", line 1024, in run
    self._target(*self._args, **self._kwargs)
  File "D:\python\Lib\concurrent\futures\thread.py", line 119, in _worker
    work_item.run(ctx)
  File "D:\python\Lib\concurrent\futures\thread.py", line 86, in run
    result = ctx.run(self.task)
  File "D:\python\Lib\concurrent\futures\thread.py", line 73, in run
    return fn(*args, **kwargs)
  File "D:\python\Lib\site-packages\rocketmq\v5\consumer\push\consumption.py", line 46, in __consume
    consume_result = self.__message_listener.consume(message)

> File "D:\毕业设计\Travel_python\travel_ai_python\app\mq\consumer.py", line 56, in consume
    self.result_producer.send_result(

  File "D:\毕业设计\Travel_python\travel_ai_python\app\mq\producer.py", line 64, in send_result
    msg = Message(settings.RESULT_TOPIC)

TypeError: Message.__init__() takes 1 positional argument but 2 were given
2026-05-06 17:29:20.262 | INFO     | 2051957059656814592 | AI处理成功 taskId=7, planId=4312
2026-05-06 17:29:20.262 | ERROR    | N/A | 消息处理异常，将稍后重试: Message.__init__() takes 1 positional argument but 2 were given
Traceback (most recent call last):

  File "D:\python\Lib\threading.py", line 1044, in _bootstrap
    self._bootstrap_inner()
  File "D:\python\Lib\threading.py", line 1082, in _bootstrap_inner
    self._context.run(self.run)
  File "D:\python\Lib\threading.py", line 1024, in run
    self._target(*self._args, **self._kwargs)
  File "D:\python\Lib\concurrent\futures\thread.py", line 119, in _worker
    work_item.run(ctx)
  File "D:\python\Lib\concurrent\futures\thread.py", line 86, in run
    result = ctx.run(self.task)
  File "D:\python\Lib\concurrent\futures\thread.py", line 73, in run
    return fn(*args, **kwargs)
  File "D:\python\Lib\site-packages\rocketmq\v5\consumer\push\consumption.py", line 46, in __consume
    consume_result = self.__message_listener.consume(message)

> File "D:\毕业设计\Travel_python\travel_ai_python\app\mq\consumer.py", line 56, in consume
    self.result_producer.send_result(

  File "D:\毕业设计\Travel_python\travel_ai_python\app\mq\producer.py", line 64, in send_result
    msg = Message(settings.RESULT_TOPIC)

TypeError: Message.__init__() takes 1 positional argument but 2 were given
2026-05-06 17:29:41.059 | INFO     | 2051957059656814592 | 收到任务，taskId=7, query=去北京旅游
2026-05-06 17:29:41.059 | INFO     | 2051957059656814592 | 开始处理任务 taskId=7
2026-05-06 17:30:10.624 | INFO     | 2051957059656814592 | AI处理成功 taskId=7, planId=4239
2026-05-06 17:30:10.625 | ERROR    | N/A | 消息处理异常，将稍后重试: Message.__init__() takes 1 positional argument but 2 were given
Traceback (most recent call last):

  File "D:\python\Lib\threading.py", line 1044, in _bootstrap
    self._bootstrap_inner()
  File "D:\python\Lib\threading.py", line 1082, in _bootstrap_inner
    self._context.run(self.run)
  File "D:\python\Lib\threading.py", line 1024, in run
    self._target(*self._args, **self._kwargs)
  File "D:\python\Lib\concurrent\futures\thread.py", line 119, in _worker
    work_item.run(ctx)
  File "D:\python\Lib\concurrent\futures\thread.py", line 86, in run
    result = ctx.run(self.task)
  File "D:\python\Lib\concurrent\futures\thread.py", line 73, in run
    return fn(*args, **kwargs)
  File "D:\python\Lib\site-packages\rocketmq\v5\consumer\push\consumption.py", line 46, in __consume
    consume_result = self.__message_listener.consume(message)

> File "D:\毕业设计\Travel_python\travel_ai_python\app\mq\consumer.py", line 56, in consume
    self.result_producer.send_result(

  File "D:\毕业设计\Travel_python\travel_ai_python\app\mq\producer.py", line 64, in send_result
    msg = Message(settings.RESULT_TOPIC)

TypeError: Message.__init__() takes 1 positional argument but 2 were given
2026-05-06 17:30:40.956 | INFO     | 2051957059656814592 | 收到任务，taskId=7, query=去北京旅游
2026-05-06 17:30:40.957 | INFO     | 2051957059656814592 | 开始处理任务 taskId=7
2026-05-06 17:31:11.462 | INFO     | N/A | 收到停止信号，正在关闭...
2026-05-06 17:31:11.478 | INFO     | N/A | ResultProducer 已关闭
2026-05-06 17:31:11.478 | INFO     | N/A | TaskConsumer 已关闭
2026-05-06 17:31:16.627 | INFO     | 2051957059656814592 | AI处理成功 taskId=7, planId=6187
2026-05-06 17:31:16.627 | ERROR    | N/A | 消息处理异常，将稍后重试: Message.__init__() takes 1 positional argument but 2 were given
Traceback (most recent call last):

  File "D:\python\Lib\threading.py", line 1044, in _bootstrap
    self._bootstrap_inner()
  File "D:\python\Lib\threading.py", line 1082, in _bootstrap_inner
    self._context.run(self.run)
  File "D:\python\Lib\threading.py", line 1024, in run
    self._target(*self._args, **self._kwargs)
  File "D:\python\Lib\concurrent\futures\thread.py", line 119, in _worker
    work_item.run(ctx)
  File "D:\python\Lib\concurrent\futures\thread.py", line 86, in run
    result = ctx.run(self.task)
  File "D:\python\Lib\concurrent\futures\thread.py", line 73, in run
    return fn(*args, **kwargs)
  File "D:\python\Lib\site-packages\rocketmq\v5\consumer\push\consumption.py", line 46, in __consume
    consume_result = self.__message_listener.consume(message)

> File "D:\毕业设计\Travel_python\travel_ai_python\app\mq\consumer.py", line 56, in consume
    self.result_producer.send_result(

  File "D:\毕业设计\Travel_python\travel_ai_python\app\mq\producer.py", line 64, in send_result
    msg = Message(settings.RESULT_TOPIC)

TypeError: Message.__init__() takes 1 positional argument but 2 were given
