2026-06-25 20:27:48.612 | INFO     | N/A | 进入天气查询工具
2026-06-25 20:36:03.218 | INFO     | N/A | 进入天气查询工具
2026-06-25 20:50:00.735 | INFO     | N/A | 进入天气查询工具
2026-06-25 21:44:04.640 | INFO     | N/A | 🔍 执行混合检索 | Collection: classic_routes | Query: 北京 2日游 经典行程 | City: 北京
2026-06-25 21:44:04.916 | INFO     | N/A | 混合检索完成 → 召回 0 条
2026-06-25 21:45:27.517 | INFO     | N/A | 🔍 执行混合检索 | Collection: user_plans | Query: 北京  游记 行程 | City: 北京
2026-06-25 21:45:27.518 | INFO     | N/A | 进入天气查询工具
2026-06-25 21:45:27.557 | INFO     | N/A | 混合检索完成 → 召回 0 条
2026-06-25 23:17:21.133 | INFO     | N/A | 🔍 执行混合检索 | Collection: classic_routes | Query: 广州 2日游 经典行程 | City: 广州
2026-06-25 23:17:21.180 | INFO     | N/A | 混合检索完成 → 召回 0 条
2026-06-25 23:18:45.158 | INFO     | N/A | 🔍 执行混合检索 | Collection: classic_routes | Query: 广州2天游 | City: 广州
2026-06-25 23:18:45.189 | INFO     | N/A | 混合检索完成 → 召回 0 条
2026-06-25 23:18:45.196 | INFO     | N/A | 🔍 执行混合检索 | Collection: classic_routes | Query: 广州2天游 | City: 广州
2026-06-25 23:18:45.235 | INFO     | N/A | 混合检索完成 → 召回 0 条
2026-06-25 23:19:05.051 | INFO     | N/A | 🔍 执行混合检索 | Collection: attractions | Query: 广州  景点 历史文化 特色 | City: 广州
2026-06-25 23:19:05.084 | INFO     | N/A | 混合检索完成 → 召回 0 条
2026-06-25 23:19:28.327 | INFO     | N/A | 🔍 执行混合检索 | Collection: user_plans | Query: 广州 文化游 游记 行程 | City: 广州
2026-06-25 23:19:28.361 | INFO     | N/A | 混合检索完成 → 召回 0 条
2026-06-25 23:20:20.272 | INFO     | N/A | 进入天气查询工具
2026-06-25 23:21:20.223 | INFO     | N/A | 🔍 执行混合检索 | Collection: attractions | Query: 广州 美食 景点 历史文化 特色 | City: 广州
2026-06-25 23:21:20.259 | INFO     | N/A | 混合检索完成 → 召回 0 条
2026-06-25 23:22:14.589 | INFO     | N/A | 🔍 执行混合检索 | Collection: attractions | Query: 广州 美食 景点 历史文化 特色 | City: 广州
2026-06-25 23:22:14.613 | INFO     | N/A | 混合检索完成 → 召回 0 条
